#
# There is insufficient memory for the Java Runtime Environment to continue.
# Native memory allocation (malloc) failed to allocate 32744 bytes for ChunkPool::allocate
# Possible reasons:
#   The system is out of physical RAM or swap space
#   The process is running with CompressedOops enabled, and the Java Heap may be blocking the growth of the native heap
# Possible solutions:
#   Reduce memory load on the system
#   Increase physical memory or swap space
#   Check if swap backing store is full
#   Decrease Java heap size (-Xmx/-Xms)
#   Decrease number of Java threads
#   Decrease Java thread stack sizes (-Xss)
#   Set larger code cache with -XX:ReservedCodeCacheSize=
#   JVM is running with Unscaled Compressed Oops mode in which the Java heap is
#     placed in the first 4GB address space. The Java Heap base address is the
#     maximum limit for the native heap growth. Please use -XX:HeapBaseMinAddress
#     to set the Java Heap base and to place the Java Heap above 4GB virtual address.
# This output file may be truncated or incomplete.
#
#  Out of Memory Error (allocation.cpp:272), pid=14576, tid=0x00000000000024d0
#
# JRE version: Java(TM) SE Runtime Environment (8.0_231-b11) (build 1.8.0_231-b11)
# Java VM: Java HotSpot(TM) 64-Bit Server VM (25.231-b11 mixed mode windows-amd64 compressed oops)
# Failed to write core dump. Minidumps are not enabled by default on client versions of Windows
#

---------------  T H R E A D  ---------------

Current thread (0x0000000019d2b800):  JavaThread "C1 CompilerThread3" daemon [_thread_in_native, id=9424, stack(0x000000001a7a0000,0x000000001a8a0000)]

Stack: [0x000000001a7a0000,0x000000001a8a0000]
[error occurred during error reporting (printing stack bounds), id 0xc0000005]

Native frames: (J=compiled Java code, j=interpreted, Vv=VM code, C=native code)


Current CompileTask:
C1:    459  111       1       java.util.TreeMap::fixAfterInsertion (267 bytes)


---------------  P R O C E S S  ---------------

Java Threads: ( => current thread )
  0x0000000019d4d800 JavaThread "Service Thread" daemon [_thread_blocked, id=17604, stack(0x000000001a8a0000,0x000000001a9a0000)]
=>0x0000000019d2b800 JavaThread "C1 CompilerThread3" daemon [_thread_in_native, id=9424, stack(0x000000001a7a0000,0x000000001a8a0000)]
  0x0000000019d28000 JavaThread "C2 CompilerThread2" daemon [_thread_blocked, id=10956, stack(0x000000001a6a0000,0x000000001a7a0000)]
  0x0000000019d27000 JavaThread "C2 CompilerThread1" daemon [_thread_blocked, id=9500, stack(0x000000001a5a0000,0x000000001a6a0000)]
  0x0000000019cd2800 JavaThread "C2 CompilerThread0" daemon [_thread_blocked, id=2488, stack(0x000000001a4a0000,0x000000001a5a0000)]
  0x0000000019cd1800 JavaThread "Attach Listener" daemon [_thread_blocked, id=8180, stack(0x000000001a3a0000,0x000000001a4a0000)]
  0x0000000019ccf000 JavaThread "Signal Dispatcher" daemon [_thread_blocked, id=5520, stack(0x000000001a2a0000,0x000000001a3a0000)]
  0x0000000019cc0800 JavaThread "Finalizer" daemon [_thread_blocked, id=6968, stack(0x000000001a0a0000,0x000000001a1a0000)]
  0x0000000017d9d800 JavaThread "Reference Handler" daemon [_thread_blocked, id=2500, stack(0x0000000019ba0000,0x0000000019ca0000)]
  0x0000000002d26800 JavaThread "main" [_thread_in_vm, id=16708, stack(0x0000000002c20000,0x0000000002d20000)]

Other Threads:
  0x0000000017d98000 VMThread [stack: 0x0000000019aa0000,0x0000000019ba0000] [id=18124]

VM state:not at safepoint (normal execution)

VM Mutex/Monitor currently owned by a thread: None

heap address: 0x0000000081c00000, size: 2020 MB, Compressed Oops mode: 32-bit
Narrow klass base: 0x0000000000000000, Narrow klass shift: 3
Compressed class space size: 1073741824 Address: 0x0000000100000000

Heap:
 PSYoungGen      total 38400K, used 1998K [0x00000000d5f00000, 0x00000000d8980000, 0x0000000100000000)
  eden space 33280K, 6% used [0x00000000d5f00000,0x00000000d60f3b58,0x00000000d7f80000)
  from space 5120K, 0% used [0x00000000d8480000,0x00000000d8480000,0x00000000d8980000)
  to   space 5120K, 0% used [0x00000000d7f80000,0x00000000d7f80000,0x00000000d8480000)
 ParOldGen       total 87552K, used 0K [0x0000000081c00000, 0x0000000087180000, 0x00000000d5f00000)
  object space 87552K, 0% used [0x0000000081c00000,0x0000000081c00000,0x0000000087180000)
 Metaspace       used 3914K, capacity 4584K, committed 4608K, reserved 1056768K
  class space    used 473K, capacity 488K, committed 512K, reserved 1048576K

Card table byte_map: [0x00000000121e0000,0x00000000125e0000] byte_map_base: 0x0000000011dd2000

Marking Bits: (ParMarkBitMap*) 0x000000006df16d90
 Begin Bits: [0x0000000013090000, 0x0000000015020000)
 End Bits:   [0x0000000015020000, 0x0000000016fb0000)

Polling page: 0x0000000001140000

CodeCache: size=245760Kb used=1196Kb max_used=1196Kb free=244563Kb
 bounds [0x0000000002e20000, 0x0000000003090000, 0x0000000011e20000]
 total_blobs=373 nmethods=111 adapters=175
 compilation: enabled

Compilation events (10 events):
Event: 0.447 Thread 0x0000000019d2b800 nmethod 107 0x0000000002f49590 code [0x0000000002f496e0, 0x0000000002f49850]
Event: 0.447 Thread 0x0000000019d2b800  106       1       java.util.WeakHashMap::indexFor (6 bytes)
Event: 0.447 Thread 0x0000000019d2b800 nmethod 106 0x0000000002f49950 code [0x0000000002f49aa0, 0x0000000002f49b90]
Event: 0.449 Thread 0x0000000019d2b800  108       1       java.lang.reflect.Method::getParameterTypes (11 bytes)
Event: 0.449 Thread 0x0000000019d2b800 nmethod 108 0x0000000002f49bd0 code [0x0000000002f49d40, 0x0000000002f49ea8]
Event: 0.452 Thread 0x0000000019d2b800  110       1       java.lang.String::startsWith (7 bytes)
Event: 0.452 Thread 0x0000000019d2b800 nmethod 110 0x0000000002f49f50 code [0x0000000002f4a0a0, 0x0000000002f4a1c8]
Event: 0.452 Thread 0x0000000019d2b800  109       1       java.util.LinkedHashMap::get (33 bytes)
Event: 0.453 Thread 0x0000000019d2b800 nmethod 109 0x0000000002f4a250 code [0x0000000002f4a3c0, 0x0000000002f4a5a8]
Event: 0.453 Thread 0x0000000019d2b800  111       1       java.util.TreeMap::fixAfterInsertion (267 bytes)

GC Heap History (0 events):
No events

Deoptimization events (0 events):
No events

Classes redefined (0 events):
No events

Internal exceptions (9 events):
Event: 0.078 Thread 0x0000000002d26800 Exception <a 'java/lang/NoSuchMethodError': Method sun.misc.Unsafe.defineClass(Ljava/lang/String;[BII)Ljava/lang/Class; name or signature does not match> (0x00000000d5f07cb8) thrown at [C:\re\workspace\8-2-build-windows-amd64-cygwin\jdk8u231\13620\hotspot
Event: 0.078 Thread 0x0000000002d26800 Exception <a 'java/lang/NoSuchMethodError': Method sun.misc.Unsafe.prefetchRead(Ljava/lang/Object;J)V name or signature does not match> (0x00000000d5f07fa0) thrown at [C:\re\workspace\8-2-build-windows-amd64-cygwin\jdk8u231\13620\hotspot\src\share\vm\prim
Event: 0.422 Thread 0x0000000002d26800 Exception <a 'java/lang/ArrayIndexOutOfBoundsException'> (0x00000000d5ffcc10) thrown at [C:\re\workspace\8-2-build-windows-amd64-cygwin\jdk8u231\13620\hotspot\src\share\vm\runtime\sharedRuntime.cpp, line 605]
Event: 0.423 Thread 0x0000000002d26800 Exception <a 'java/lang/ArrayIndexOutOfBoundsException'> (0x00000000d5ffd988) thrown at [C:\re\workspace\8-2-build-windows-amd64-cygwin\jdk8u231\13620\hotspot\src\share\vm\runtime\sharedRuntime.cpp, line 605]
Event: 0.423 Thread 0x0000000002d26800 Exception <a 'java/lang/ArrayIndexOutOfBoundsException'> (0x00000000d5ffe940) thrown at [C:\re\workspace\8-2-build-windows-amd64-cygwin\jdk8u231\13620\hotspot\src\share\vm\runtime\sharedRuntime.cpp, line 605]
Event: 0.426 Thread 0x0000000002d26800 Exception <a 'java/lang/ArrayIndexOutOfBoundsException'> (0x00000000d6000200) thrown at [C:\re\workspace\8-2-build-windows-amd64-cygwin\jdk8u231\13620\hotspot\src\share\vm\runtime\sharedRuntime.cpp, line 605]
Event: 0.446 Thread 0x0000000002d26800 Exception <a 'java/lang/ArrayIndexOutOfBoundsException'> (0x00000000d6026b70) thrown at [C:\re\workspace\8-2-build-windows-amd64-cygwin\jdk8u231\13620\hotspot\src\share\vm\runtime\sharedRuntime.cpp, line 605]
Event: 0.446 Thread 0x0000000002d26800 Exception <a 'java/lang/ArrayIndexOutOfBoundsException'> (0x00000000d6027dd8) thrown at [C:\re\workspace\8-2-build-windows-amd64-cygwin\jdk8u231\13620\hotspot\src\share\vm\runtime\sharedRuntime.cpp, line 605]
Event: 0.448 Thread 0x0000000002d26800 Exception <a 'java/lang/ArrayIndexOutOfBoundsException'> (0x00000000d6029750) thrown at [C:\re\workspace\8-2-build-windows-amd64-cygwin\jdk8u231\13620\hotspot\src\share\vm\runtime\sharedRuntime.cpp, line 605]

Events (10 events):
Event: 0.443 loading class sun/management/OperatingSystemImpl done
Event: 0.445 loading class java/lang/management/RuntimeMXBean
Event: 0.445 loading class java/lang/management/RuntimeMXBean done
Event: 0.445 loading class sun/management/RuntimeImpl
Event: 0.445 loading class sun/management/RuntimeImpl done
Event: 0.446 loading class sun/reflect/generics/tree/TypeVariableSignature
Event: 0.446 loading class sun/reflect/generics/tree/TypeVariableSignature done
Event: 0.446 loading class com/sun/jmx/mbeanserver/DefaultMXBeanMappingFactory$CollectionMapping
Event: 0.447 loading class com/sun/jmx/mbeanserver/DefaultMXBeanMappingFactory$CollectionMapping done
Event: 0.454 loading class java/lang/management/ThreadMXBean


Dynamic libraries:
0x00007ff752af0000 - 0x00007ff752b27000 	C:\Program Files\Java\jre1.8.0_231\bin\javaw.exe
0x00007ff94bc60000 - 0x00007ff94be50000 	C:\WINDOWS\SYSTEM32\ntdll.dll
0x00007ff94a400000 - 0x00007ff94a4b2000 	C:\WINDOWS\System32\KERNEL32.DLL
0x00007ff949290000 - 0x00007ff949535000 	C:\WINDOWS\System32\KERNELBASE.dll
0x00007ff949dc0000 - 0x00007ff949e63000 	C:\WINDOWS\System32\ADVAPI32.dll
0x00007ff94b190000 - 0x00007ff94b22e000 	C:\WINDOWS\System32\msvcrt.dll
0x00007ff94a250000 - 0x00007ff94a2e7000 	C:\WINDOWS\System32\sechost.dll
0x00007ff94a110000 - 0x00007ff94a230000 	C:\WINDOWS\System32\RPCRT4.dll
0x00007ff949ea0000 - 0x00007ff94a035000 	C:\WINDOWS\System32\USER32.dll
0x00007ff948d60000 - 0x00007ff948d81000 	C:\WINDOWS\System32\win32u.dll
0x00007ff94b490000 - 0x00007ff94b4b6000 	C:\WINDOWS\System32\GDI32.dll
0x00007ff948bc0000 - 0x00007ff948d56000 	C:\WINDOWS\System32\gdi32full.dll
0x00007ff949020000 - 0x00007ff9490be000 	C:\WINDOWS\System32\msvcp_win.dll
0x00007ff948d90000 - 0x00007ff948e8a000 	C:\WINDOWS\System32\ucrtbase.dll
0x00007ff936d20000 - 0x00007ff936fa4000 	C:\WINDOWS\WinSxS\amd64_microsoft.windows.common-controls_6595b64144ccf1df_6.0.18362.1082_none_9e8193e1e45b25c1\COMCTL32.dll
0x00007ff94b7e0000 - 0x00007ff94bb15000 	C:\WINDOWS\System32\combase.dll
0x00007ff949210000 - 0x00007ff949290000 	C:\WINDOWS\System32\bcryptPrimitives.dll
0x00007ff949e70000 - 0x00007ff949e9e000 	C:\WINDOWS\System32\IMM32.DLL
0x000000006e340000 - 0x000000006e412000 	C:\Program Files\Java\jre1.8.0_231\bin\msvcr100.dll
0x000000006d6f0000 - 0x000000006df96000 	C:\Program Files\Java\jre1.8.0_231\bin\server\jvm.dll
0x00007ff94a240000 - 0x00007ff94a248000 	C:\WINDOWS\System32\PSAPI.DLL
0x00007ff93d480000 - 0x00007ff93d48a000 	C:\WINDOWS\SYSTEM32\VERSION.dll
0x00007ff942030000 - 0x00007ff942054000 	C:\WINDOWS\SYSTEM32\WINMM.dll
0x00007ff929ac0000 - 0x00007ff929ac9000 	C:\WINDOWS\SYSTEM32\WSOCK32.dll
0x00007ff94ac10000 - 0x00007ff94ac7f000 	C:\WINDOWS\System32\WS2_32.dll
0x00007ff942000000 - 0x00007ff94202d000 	C:\WINDOWS\SYSTEM32\WINMMBASE.dll
0x00007ff948fa0000 - 0x00007ff948fea000 	C:\WINDOWS\System32\cfgmgr32.dll
0x00007ff941cf0000 - 0x00007ff941cff000 	C:\Program Files\Java\jre1.8.0_231\bin\verify.dll
0x00007ff908880000 - 0x00007ff9088a9000 	C:\Program Files\Java\jre1.8.0_231\bin\java.dll
0x00007ff91ee50000 - 0x00007ff91ee66000 	C:\Program Files\Java\jre1.8.0_231\bin\zip.dll
0x00007ff94a4c0000 - 0x00007ff94aba7000 	C:\WINDOWS\System32\SHELL32.dll
0x00007ff94b230000 - 0x00007ff94b2d9000 	C:\WINDOWS\System32\shcore.dll
0x00007ff949560000 - 0x00007ff949ce0000 	C:\WINDOWS\System32\windows.storage.dll
0x00007ff948b90000 - 0x00007ff948bb3000 	C:\WINDOWS\System32\profapi.dll
0x00007ff948b40000 - 0x00007ff948b8a000 	C:\WINDOWS\System32\powrprof.dll
0x00007ff948af0000 - 0x00007ff948b00000 	C:\WINDOWS\System32\UMPDC.dll
0x00007ff94abb0000 - 0x00007ff94ac02000 	C:\WINDOWS\System32\shlwapi.dll
0x00007ff948b00000 - 0x00007ff948b11000 	C:\WINDOWS\System32\kernel.appcore.dll
0x00007ff949540000 - 0x00007ff949557000 	C:\WINDOWS\System32\cryptsp.dll
0x00007ff911c80000 - 0x00007ff911c8d000 	C:\Program Files\Java\jre1.8.0_231\bin\management.dll

VM Arguments:
jvm_args: -Dcom.sun.management.jmxremote -Dcom.sun.management.jmxremote.port=53662 -Dcom.sun.management.jmxremote.authenticate=false -Dcom.sun.management.jmxremote.ssl=false -Djava.rmi.server.hostname=localhost -Dspring.jmx.enabled=true -Dspring.application.admin.enabled=true -Xverify:none -XX:TieredStopAtLevel=1 -Dspring.boot.project.name=Mango_Restaurant_back-end -Dfile.encoding=UTF-8 
java_command: com.example.mango_restaurant.MangoRestaurantBackEndApplication --spring.output.ansi.enabled=always
java_class_path (initial): C:\Users\sachintha jayamini\git\MangoRestaurant_Back-End\Mango_Restaurant_back-end\target\classes;C:\Users\sachintha jayamini\.m2\repository\org\springframework\boot\spring-boot-starter-data-jpa\2.3.3.RELEASE\spring-boot-starter-data-jpa-2.3.3.RELEASE.jar;C:\Users\sachintha jayamini\.m2\repository\org\springframework\boot\spring-boot-starter-aop\2.3.3.RELEASE\spring-boot-starter-aop-2.3.3.RELEASE.jar;C:\Users\sachintha jayamini\.m2\repository\org\springframework\spring-aop\5.2.8.RELEASE\spring-aop-5.2.8.RELEASE.jar;C:\Users\sachintha jayamini\.m2\repository\org\aspectj\aspectjweaver\1.9.6\aspectjweaver-1.9.6.jar;C:\Users\sachintha jayamini\.m2\repository\org\springframework\boot\spring-boot-starter-jdbc\2.3.3.RELEASE\spring-boot-starter-jdbc-2.3.3.RELEASE.jar;C:\Users\sachintha jayamini\.m2\repository\com\zaxxer\HikariCP\3.4.5\HikariCP-3.4.5.jar;C:\Users\sachintha jayamini\.m2\repository\org\springframework\spring-jdbc\5.2.8.RELEASE\spring-jdbc-5.2.8.RELEASE.jar;C:\Users\sachintha jayamini\.m2\repository\jakarta\transaction\jakarta.transaction-api\1.3.3\jakarta.transaction-api-1.3.3.jar;C:\Users\sachintha jayamini\.m2\repository\jakarta\persistence\jakarta.persistence-api\2.2.3\jakarta.persistence-api-2.2.3.jar;C:\Users\sachintha jayamini\.m2\repository\org\hibernate\hibernate-core\5.4.20.Final\hibernate-core-5.4.20.Final.jar;C:\Users\sachintha jayamini\.m2\repository\org\jboss\logging\jboss-logging\3.4.1.Final\jboss-logging-3.4.1.Final.jar;C:\Users\sachintha jayamini\.m2\repository\org\javassist\javassist\3.24.0-GA\javassist-3.24.0-GA.jar;C:\Users\sachintha jayamini\.m2\repository\net\bytebuddy\byte-buddy\1.10.14\byte-buddy-1.10.14.jar;C:\Users\sachintha jayamini\.m2\repository\antlr\antlr\2.7.7\antlr-2.7.7.jar;C:\Users\sachintha jayamini\.m2\repository\org\jboss\jandex\2.1.3.Final\jandex-2.1.3.Final.jar;C:\Users\sachintha jayamini\.m2\repository\com\fasterxml\classmate\1.5.1\classmate-1.5.1.jar;C:\Users\sachintha jayamini\.m2\repositor
Launcher Type: SUN_STANDARD

Environment Variables:
PATH=C:/Program Files/Java/jre1.8.0_231/bin/server;C:/Program Files/Java/jre1.8.0_231/bin;C:/Program Files/Java/jre1.8.0_231/lib/amd64;C:\Python38\Scripts\;C:\Python38\;C:\Program Files (x86)\Common Files\Oracle\Java\javapath;C:\ProgramData\Oracle\Java\javapath;C:\Program Files (x86)\Intel\Intel(R) Management Engine Components\iCLS\;C:\Program Files\Intel\Intel(R) Management Engine Components\iCLS\;C:\Windows\system32;C:\Windows;C:\Windows\System32\Wbem;C:\Windows\System32\WindowsPowerShell\v1.0\;C:\Windows\System32\OpenSSH\;C:\Program Files (x86)\Intel\Intel(R) Management Engine Components\DAL;C:\Program Files\Intel\Intel(R) Management Engine Components\DAL;C:\Program Files (x86)\Intel\Intel(R) Management Engine Components\IPT;C:\Program Files\Intel\Intel(R) Management Engine Components\IPT;C:\Program Files (x86)\NVIDIA Corporation\PhysX\Common;C:\Program Files\Intel\WiFi\bin\;C:\Program Files\Common Files\Intel\WirelessCommon\;C:\MinGW\bin;C:\WINDOWS\system32;C:\WINDOWS;C:\WINDOWS\System32\Wbem;C:\WINDOWS\System32\WindowsPowerShell\v1.0\;C:\WINDOWS\System32\OpenSSH\;C:\Program Files\Java\jdk1.8.0_231\bin;C:\Program Files\Microsoft SQL Server\Client SDK\ODBC\130\Tools\Binn\;C:\Program Files (x86)\Microsoft SQL Server\140\Tools\Binn\;C:\Program Files\Microsoft SQL Server\140\Tools\Binn\;C:\Program Files\Microsoft SQL Server\140\DTS\Binn\;C:\Program Files (x86)\Microsoft SQL Server\150\DTS\Binn\;C:\ProgramData\chocolatey\bin;C:\Program Files\nodejs\;D:\Git\cmd;C:\Program Files\MySQL\MySQL Shell 8.0\bin\;C:\Users\sachintha jayamini\AppData\Local\Microsoft\WindowsApps;"C:\Users\sachintha jayamini\AppData\Local\Programs\Microsoft VS Code\bin;C:\Program Files (x86)\Java\jdk1.8.0_65\bin;";C:\Users\sachintha jayamini\AppData\Roaming\npm;C:\Users\sachintha jayamini\AppData\Local\Programs\Microsoft VS Code\bin;C:\Users\sachintha jayamini\Downloads\spring-tool-suite-4-4.7.2.RELEASE-e4.16.0-win32.win32.x86_64.self-extracting\contents\sts-4.7.2.RELEASE;
USERNAME=sachintha jayamini
OS=Windows_NT
PROCESSOR_IDENTIFIER=Intel64 Family 6 Model 142 Stepping 10, GenuineIntel



---------------  S Y S T E M  ---------------

OS: Windows 10.0 , 64 bit Build 18362 (10.0.18362.1082)

CPU:total 8 (initial active 8) (4 cores per cpu, 2 threads per core) family 6 model 142 stepping 10, cmov, cx8, fxsr, mmx, sse, sse2, sse3, ssse3, sse4.1, sse4.2, popcnt, avx, avx2, aes, clmul, erms, 3dnowpref, lzcnt, ht, tsc, tscinvbit, bmi1, bmi2, adx

Memory: 4k page, physical 8267484k(1054272k free), swap 10490268k(9852k free)

vm_info: Java HotSpot(TM) 64-Bit Server VM (25.231-b11) for windows-amd64 JRE (1.8.0_231-b11), built on Oct  5 2019 03:11:30 by "java_re" with MS VC++ 10.0 (VS2010)

time: Fri Sep 11 19:34:42 2020
timezone: Sri Lanka Standard Time
elapsed time: 0 seconds (0d 0h 0m 0s)

